C21CCFB8 0008 -- copies most things from slot #1 (1.0)
101D502C 0000
C21CCFC4 0006
101D5038 0000
C21CCFCE 000C
101D5042 0000
C21CCFFA 001A
101D506E 0000
C21CD018 0044
101D508C 0000

C21CD070 0002 -- copies engine from slot #2
101D5040 0000

C21CD112 0002 -- copies L+W+F mod (I later decided this was a bad idea)
101D503E 0000
C21CD122 0004 -- copies weight reduction and race-mod from slot #3
101D504E 0000

C21CD1CA 000A -- copies engine mods from slot #4
101D5052 0000

C21CD278 0010 -- copies turbo and some other stuff from slot #5
101D505C 0000
C21CD2A4 0004 -- copies turbo gauge also from slot #5
101D5088 0000

C21CD2F4 0004 -- copies after-market rims from slot #6
101D5034 0000
C21CD32C 0002
101D506C 0000
