C21CD9B8 0008 -- copies most things from slot #1 (Japanese)
101D5A2C 0000
C21CD9C4 0006
101D5A38 0000
C21CD9CE 000C
101D5A42 0000
C21CD9FA 001A
101D5A6E 0000
C21CDA18 0044
101D5A8C 0000

C21CDA70 0002 -- copies engine from slot #2
101D5A40 0000

C21CDB12 0002 -- copies L+W+F mod (I later decided this was a bad idea)
101D5A3E 0000
C21CDB22 0004 -- copies weight reduction and race-mod from slot #3
101D5A4E 0000

C21CDBCA 000A -- copies engine mods from slot #4
101D5A52 0000

C21CDC78 0010 -- copies turbo and some other stuff from slot #5
101D5A5C 0000
C21CDCA4 0004 -- copies turbo gauge also from slot #5
101D5A88 0000

C21CDCF4 0004 -- copies after-market rims from slot #6
101D5A34 0000
C21CDD2C 0002
101D5A6C 0000
