C21CCFB8 0008 -- slot #1, most things
101D502C 0000
C21CCFC4 0008
101D5038 0000
C21CCFCE 0008
101D5042 0000
C21CCFFA 001A
101D506E 0000
C21CD018 0044
101D508C 0000

C21CD070 0002 -- slot #2, engine
101D5040 0000

C21CD122 0002 -- slot #3, weight reduction
101D504E 0000

C21CD1C8 0002 -- slot #4, race modification
101D5050 0000

C21CD26E 000A -- slot #5, engine mods
101D5052 0000

C21CD31C 0010 -- slot #6, turbo plus some running gear
101D505C 0000
C21CD348 0004 -- slot #6, turbo gauge and sound
101D5088 0000

C21CD3AE 0004 -- slot #7, F+R tires
101D504A 0000

C21CD43C 0004 -- slot #8, wheels (rims)
101D5034 0000
C21CD474 0002
101D506C 0000
