C21CD588 0008 -- slot #1, most things
101D55FC 0000
C21CD594 0008
101D5608 0000
C21CD59E 0008
101D5612 0000
C21CD5CA 001A
101D563E 0000
C21CD5E8 0044
101D565C 0000

C21CD640 0002 -- slot #2, engine
101D5610 0000

C21CD6F2 0002 -- slot #3, weight reduction
101D561E 0000

C21CD798 0002 -- slot #4, race modification
101D5620 0000

C21CD83E 000A -- slot #5, engine mods
101D5622 0000

C21CD8EC 0010 -- slot #6, turbo plus some running gear
101D562C 0000
C21CD918 0004 -- slot #6, turbo gauge and sound
101D5658 0000

C21CD97E 0004 -- slot #7, F+R tires
101D561A 0000

C21CDA0C 0004 -- slot #8, wheels (rims)
101D5604 0000
C21CDA44 0002
101D563C 0000
